This is pdfTeX, Version 3.141592653-2.6-1.40.25 (MiKTeX 24.1) (preloaded format=pdflatex 2025.9.20)  30 NOV 2025 08:35
entering extended mode
 restricted \write18 enabled.
 %&-line parsing enabled.
**./project.tex
(project.tex
LaTeX2e <2023-11-01> patch level 1
L3 programming layer <2024-01-04>
(C:\Users\PC\AppData\Local\Programs\MiKTeX\tex/latex/llncs\llncs.cls
Document Class: llncs 2025/02/25 v2.26 
 LaTeX document class for Lecture Notes in Computer Science
(C:\Users\PC\AppData\Local\Programs\MiKTeX\tex/latex/base\article.cls
Document Class: article 2023/05/17 v1.4n Standard LaTeX document class
(C:\Users\PC\AppData\Local\Programs\MiKTeX\tex/latex/base\size10.clo
File: size10.clo 2023/05/17 v1.4n Standard LaTeX file (size option)
)
\c@part=\count187
\c@section=\count188
\c@subsection=\count189
\c@subsubsection=\count190
\c@paragraph=\count191
\c@subparagraph=\count192
\c@figure=\count193
\c@table=\count194
\abovecaptionskip=\skip48
\belowcaptionskip=\skip49
\bibindent=\dimen140
)
(C:\Users\PC\AppData\Local\Programs\MiKTeX\tex/latex/tools\multicol.sty
Package: multicol 2023/03/30 v1.9f multicolumn formatting (FMi)
\c@tracingmulticols=\count195
\mult@box=\box51
\multicol@leftmargin=\dimen141
\c@unbalance=\count196
\c@collectmore=\count197
\doublecol@number=\count198
\multicoltolerance=\count199
\multicolpretolerance=\count266
\full@width=\dimen142
\page@free=\dimen143
\premulticols=\dimen144
\postmulticols=\dimen145
\multicolsep=\skip50
\multicolbaselineskip=\skip51
\partial@page=\box52
\last@line=\box53
\mc@boxedresult=\box54
\maxbalancingoverflow=\dimen146
\mult@rightbox=\box55
\mult@grightbox=\box56
\mult@firstbox=\box57
\mult@gfirstbox=\box58
\@tempa=\box59
\@tempa=\box60
\@tempa=\box61
\@tempa=\box62
\@tempa=\box63
\@tempa=\box64
\@tempa=\box65
\@tempa=\box66
\@tempa=\box67
\@tempa=\box68
\@tempa=\box69
\@tempa=\box70
\@tempa=\box71
\@tempa=\box72
\@tempa=\box73
\@tempa=\box74
\@tempa=\box75
\@tempa=\box76
\@tempa=\box77
\@tempa=\box78
\@tempa=\box79
\@tempa=\box80
\@tempa=\box81
\@tempa=\box82
\@tempa=\box83
\@tempa=\box84
\@tempa=\box85
\@tempa=\box86
\@tempa=\box87
\@tempa=\box88
\@tempa=\box89
\@tempa=\box90
\@tempa=\box91
\@tempa=\box92
\@tempa=\box93
\@tempa=\box94
\c@minrows=\count267
\c@columnbadness=\count268
\c@finalcolumnbadness=\count269
\last@try=\dimen147
\multicolovershoot=\dimen148
\multicolundershoot=\dimen149
\mult@nat@firstbox=\box95
\colbreak@box=\box96
\mc@col@check@num=\count270
)
(C:\Users\PC\AppData\Local\Programs\MiKTeX\tex/latex/oberdiek\aliascnt.sty
Package: aliascnt 2018/09/07 v1.5 Alias counters (HO)
)
\c@chapter=\count271
LaTeX Font Info:    Redeclaring math symbol \Gamma on input line 379.
LaTeX Font Info:    Redeclaring math symbol \Delta on input line 380.
LaTeX Font Info:    Redeclaring math symbol \Theta on input line 381.
LaTeX Font Info:    Redeclaring math symbol \Lambda on input line 382.
LaTeX Font Info:    Redeclaring math symbol \Xi on input line 383.
LaTeX Font Info:    Redeclaring math symbol \Pi on input line 384.
LaTeX Font Info:    Redeclaring math symbol \Sigma on input line 385.
LaTeX Font Info:    Redeclaring math symbol \Upsilon on input line 386.
LaTeX Font Info:    Redeclaring math symbol \Phi on input line 387.
LaTeX Font Info:    Redeclaring math symbol \Psi on input line 388.
LaTeX Font Info:    Redeclaring math symbol \Omega on input line 389.
LaTeX Info: Redefining \vec on input line 394.
\tocchpnum=\dimen150
\tocsecnum=\dimen151
\tocsectotal=\dimen152
\tocsubsecnum=\dimen153
\tocsubsectotal=\dimen154
\tocsubsubsecnum=\dimen155
\tocsubsubsectotal=\dimen156
\tocparanum=\dimen157
\tocparatotal=\dimen158
\tocsubparanum=\dimen159
\@tempcntc=\count272
\fnindent=\dimen160
\c@@inst=\count273
\c@@auth=\count274
\c@auco=\count275
\instindent=\dimen161
\authrun=\box97
\authorrunning=\toks17
\tocauthor=\toks18
\titrun=\box98
\titlerunning=\toks19
\toctitle=\toks20
\c@theorem=\count276
\c@case=\count277
\c@conjecture=\count278
\c@corollary=\count279
\c@definition=\count280
\c@example=\count281
\c@exercise=\count282
\c@lemma=\count283
\c@note=\count284
\c@problem=\count285
\c@property=\count286
\c@proposition=\count287
\c@question=\count288
\c@solution=\count289
\c@remark=\count290
\headlineindent=\dimen162
)
(C:\Users\PC\AppData\Local\Programs\MiKTeX\tex/latex/graphics\graphicx.sty
Package: graphicx 2021/09/16 v1.2d Enhanced LaTeX Graphics (DPC,SPQR)

(C:\Users\PC\AppData\Local\Programs\MiKTeX\tex/latex/graphics\keyval.sty
Package: keyval 2022/05/29 v1.15 key=value parser (DPC)
\KV@toks@=\toks21
)
(C:\Users\PC\AppData\Local\Programs\MiKTeX\tex/latex/graphics\graphics.sty
Package: graphics 2022/03/10 v1.4e Standard LaTeX Graphics (DPC,SPQR)

(C:\Users\PC\AppData\Local\Programs\MiKTeX\tex/latex/graphics\trig.sty
Package: trig 2021/08/11 v1.11 sin cos tan (DPC)
)
(C:\Users\PC\AppData\Local\Programs\MiKTeX\tex/latex/graphics-cfg\graphics.cfg
File: graphics.cfg 2016/06/04 v1.11 sample graphics configuration
)
Package graphics Info: Driver file: pdftex.def on input line 107.
(C:\Users\PC\AppData\Local\Programs\MiKTeX\tex/latex/graphics-def\pdftex.def
File: pdftex.def 2022/09/22 v1.2b Graphics/color driver for pdftex
))
\Gin@req@height=\dimen163
\Gin@req@width=\dimen164
) (C:\Users\PC\AppData\Local\Programs\MiKTeX\tex/latex/amsmath\amsmath.sty
Package: amsmath 2023/05/13 v2.17o AMS math features
\@mathmargin=\skip52

For additional information on amsmath, use the `?' option.
(C:\Users\PC\AppData\Local\Programs\MiKTeX\tex/latex/amsmath\amstext.sty
Package: amstext 2021/08/26 v2.01 AMS text

(C:\Users\PC\AppData\Local\Programs\MiKTeX\tex/latex/amsmath\amsgen.sty
File: amsgen.sty 1999/11/30 v2.0 generic functions
\@emptytoks=\toks22
\ex@=\dimen165
))
(C:\Users\PC\AppData\Local\Programs\MiKTeX\tex/latex/amsmath\amsbsy.sty
Package: amsbsy 1999/11/29 v1.2d Bold Symbols
\pmbraise@=\dimen166
)
(C:\Users\PC\AppData\Local\Programs\MiKTeX\tex/latex/amsmath\amsopn.sty
Package: amsopn 2022/04/08 v2.04 operator names
)
\inf@bad=\count291
LaTeX Info: Redefining \frac on input line 234.
\uproot@=\count292
\leftroot@=\count293
LaTeX Info: Redefining \overline on input line 399.
LaTeX Info: Redefining \colon on input line 410.
\classnum@=\count294
\DOTSCASE@=\count295
LaTeX Info: Redefining \ldots on input line 496.
LaTeX Info: Redefining \dots on input line 499.
LaTeX Info: Redefining \cdots on input line 620.
\Mathstrutbox@=\box99
\strutbox@=\box100
LaTeX Info: Redefining \big on input line 722.
LaTeX Info: Redefining \Big on input line 723.
LaTeX Info: Redefining \bigg on input line 724.
LaTeX Info: Redefining \Bigg on input line 725.
\big@size=\dimen167
LaTeX Font Info:    Redeclaring font encoding OML on input line 743.
LaTeX Font Info:    Redeclaring font encoding OMS on input line 744.


Package amsmath Warning: Unable to redefine math accent \vec.

\macc@depth=\count296
LaTeX Info: Redefining \bmod on input line 905.
LaTeX Info: Redefining \pmod on input line 910.
LaTeX Info: Redefining \smash on input line 940.
LaTeX Info: Redefining \relbar on input line 970.
LaTeX Info: Redefining \Relbar on input line 971.
\c@MaxMatrixCols=\count297
\dotsspace@=\muskip16
\c@parentequation=\count298
\dspbrk@lvl=\count299
\tag@help=\toks23
\row@=\count300
\column@=\count301
\maxfields@=\count302
\andhelp@=\toks24
\eqnshift@=\dimen168
\alignsep@=\dimen169
\tagshift@=\dimen170
\tagwidth@=\dimen171
\totwidth@=\dimen172
\lineht@=\dimen173
\@envbody=\toks25
\multlinegap=\skip53
\multlinetaggap=\skip54
\mathdisplay@stack=\toks26
LaTeX Info: Redefining \[ on input line 2953.
LaTeX Info: Redefining \] on input line 2954.
) (C:\Users\PC\AppData\Local\Programs\MiKTeX\tex/latex/amsfonts\amssymb.sty
Package: amssymb 2013/01/14 v3.01 AMS font symbols

(C:\Users\PC\AppData\Local\Programs\MiKTeX\tex/latex/amsfonts\amsfonts.sty
Package: amsfonts 2013/01/14 v3.01 Basic AMSFonts support
\symAMSa=\mathgroup4
\symAMSb=\mathgroup5
LaTeX Font Info:    Redeclaring math symbol \hbar on input line 98.
LaTeX Font Info:    Overwriting math alphabet `\mathfrak' in version `bold'
(Font)                  U/euf/m/n --> U/euf/b/n on input line 106.
))
(C:\Users\PC\AppData\Local\Programs\MiKTeX\tex/latex/booktabs\booktabs.sty
Package: booktabs 2020/01/12 v1.61803398 Publication quality tables
\heavyrulewidth=\dimen174
\lightrulewidth=\dimen175
\cmidrulewidth=\dimen176
\belowrulesep=\dimen177
\belowbottomsep=\dimen178
\aboverulesep=\dimen179
\abovetopsep=\dimen180
\cmidrulesep=\dimen181
\cmidrulekern=\dimen182
\defaultaddspace=\dimen183
\@cmidla=\count303
\@cmidlb=\count304
\@aboverulesep=\dimen184
\@belowrulesep=\dimen185
\@thisruleclass=\count305
\@lastruleclass=\count306
\@thisrulewidth=\dimen186
)
(C:\Users\PC\AppData\Local\Programs\MiKTeX\tex/latex/algorithms\algorithm.sty
Package: algorithm 2009/08/24 v0.1 Document Style `algorithm' - floating enviro
nment

(C:\Users\PC\AppData\Local\Programs\MiKTeX\tex/latex/float\float.sty
Package: float 2001/11/08 v1.3d Float enhancements (AL)
\c@float@type=\count307
\float@exts=\toks27
\float@box=\box101
\@float@everytoks=\toks28
\@floatcapt=\box102
)
(C:\Users\PC\AppData\Local\Programs\MiKTeX\tex/latex/base\ifthen.sty
Package: ifthen 2022/04/13 v1.1d Standard LaTeX ifthen package (DPC)
)
\@float@every@algorithm=\toks29
\c@algorithm=\count308
)
(C:\Users\PC\AppData\Local\Programs\MiKTeX\tex/latex/algorithmicx\algpseudocode
.sty
Package: algpseudocode 

(C:\Users\PC\AppData\Local\Programs\MiKTeX\tex/latex/algorithmicx\algorithmicx.
sty
Package: algorithmicx 2005/04/27 v1.2 Algorithmicx

Document Style algorithmicx 1.2 - a greatly improved `algorithmic' style
\c@ALG@line=\count309
\c@ALG@rem=\count310
\c@ALG@nested=\count311
\ALG@tlm=\skip55
\ALG@thistlm=\skip56
\c@ALG@Lnr=\count312
\c@ALG@blocknr=\count313
\c@ALG@storecount=\count314
\c@ALG@tmpcounter=\count315
\ALG@tmplength=\skip57
)
Document Style - pseudocode environments for use with the `algorithmicx' style
) (C:\Users\PC\AppData\Local\Programs\MiKTeX\tex/latex/hyperref\hyperref.sty
Package: hyperref 2023-11-26 v7.01g Hypertext links for LaTeX

(C:\Users\PC\AppData\Local\Programs\MiKTeX\tex/generic/iftex\iftex.sty
Package: iftex 2022/02/03 v1.0f TeX engine tests
)
(C:\Users\PC\AppData\Local\Programs\MiKTeX\tex/generic/infwarerr\infwarerr.sty
Package: infwarerr 2019/12/03 v1.5 Providing info/warning/error messages (HO)
) (C:\Users\PC\AppData\Local\Programs\MiKTeX\tex/latex/kvsetkeys\kvsetkeys.sty
Package: kvsetkeys 2022-10-05 v1.19 Key value parser (HO)
)
(C:\Users\PC\AppData\Local\Programs\MiKTeX\tex/generic/kvdefinekeys\kvdefinekey
s.sty
Package: kvdefinekeys 2019-12-19 v1.6 Define keys (HO)
)
(C:\Users\PC\AppData\Local\Programs\MiKTeX\tex/generic/pdfescape\pdfescape.sty
Package: pdfescape 2019/12/09 v1.15 Implements pdfTeX's escape features (HO)

(C:\Users\PC\AppData\Local\Programs\MiKTeX\tex/generic/ltxcmds\ltxcmds.sty
Package: ltxcmds 2023-12-04 v1.26 LaTeX kernel commands for general use (HO)
)
(C:\Users\PC\AppData\Local\Programs\MiKTeX\tex/generic/pdftexcmds\pdftexcmds.st
y
Package: pdftexcmds 2020-06-27 v0.33 Utility functions of pdfTeX for LuaTeX (HO
)
Package pdftexcmds Info: \pdf@primitive is available.
Package pdftexcmds Info: \pdf@ifprimitive is available.
Package pdftexcmds Info: \pdfdraftmode found.
)) (C:\Users\PC\AppData\Local\Programs\MiKTeX\tex/latex/hycolor\hycolor.sty
Package: hycolor 2020-01-27 v1.10 Color options for hyperref/bookmark (HO)
)
(C:\Users\PC\AppData\Local\Programs\MiKTeX\tex/latex/letltxmacro\letltxmacro.st
y
Package: letltxmacro 2019/12/03 v1.6 Let assignment for LaTeX macros (HO)
) (C:\Users\PC\AppData\Local\Programs\MiKTeX\tex/latex/auxhook\auxhook.sty
Package: auxhook 2019-12-17 v1.6 Hooks for auxiliary files (HO)
)
(C:\Users\PC\AppData\Local\Programs\MiKTeX\tex/latex/hyperref\nameref.sty
Package: nameref 2023-11-26 v2.56 Cross-referencing by name of section

(C:\Users\PC\AppData\Local\Programs\MiKTeX\tex/latex/refcount\refcount.sty
Package: refcount 2019/12/15 v3.6 Data extraction from label references (HO)
)
(C:\Users\PC\AppData\Local\Programs\MiKTeX\tex/generic/gettitlestring\gettitles
tring.sty
Package: gettitlestring 2019/12/15 v1.6 Cleanup title references (HO)

(C:\Users\PC\AppData\Local\Programs\MiKTeX\tex/latex/kvoptions\kvoptions.sty
Package: kvoptions 2022-06-15 v3.15 Key value format for package options (HO)
))
\c@section@level=\count316
) (C:\Users\PC\AppData\Local\Programs\MiKTeX\tex/latex/etoolbox\etoolbox.sty
Package: etoolbox 2020/10/05 v2.5k e-TeX tools for LaTeX (JAW)
\etb@tempcnta=\count317
)
\@linkdim=\dimen187
\Hy@linkcounter=\count318
\Hy@pagecounter=\count319

(C:\Users\PC\AppData\Local\Programs\MiKTeX\tex/latex/hyperref\pd1enc.def
File: pd1enc.def 2023-11-26 v7.01g Hyperref: PDFDocEncoding definition (HO)
Now handling font encoding PD1 ...
... no UTF-8 mapping file for font encoding PD1
)
(C:\Users\PC\AppData\Local\Programs\MiKTeX\tex/generic/intcalc\intcalc.sty
Package: intcalc 2019/12/15 v1.3 Expandable calculations with integers (HO)
)
\Hy@SavedSpaceFactor=\count320

(C:\Users\PC\AppData\Local\Programs\MiKTeX\tex/latex/hyperref\puenc.def
File: puenc.def 2023-11-26 v7.01g Hyperref: PDF Unicode definition (HO)
Now handling font encoding PU ...
... no UTF-8 mapping file for font encoding PU
)
Package hyperref Info: Hyper figures OFF on input line 4181.
Package hyperref Info: Link nesting OFF on input line 4186.
Package hyperref Info: Hyper index ON on input line 4189.
Package hyperref Info: Plain pages OFF on input line 4196.
Package hyperref Info: Backreferencing OFF on input line 4201.
Package hyperref Info: Implicit mode ON; LaTeX internals redefined.
Package hyperref Info: Bookmarks ON on input line 4448.
\c@Hy@tempcnt=\count321

(C:\Users\PC\AppData\Local\Programs\MiKTeX\tex/latex/url\url.sty
\Urlmuskip=\muskip17
Package: url 2013/09/16  ver 3.4  Verb mode for urls, etc.
)
LaTeX Info: Redefining \url on input line 4786.
\XeTeXLinkMargin=\dimen188

(C:\Users\PC\AppData\Local\Programs\MiKTeX\tex/generic/bitset\bitset.sty
Package: bitset 2019/12/09 v1.3 Handle bit-vector datatype (HO)

(C:\Users\PC\AppData\Local\Programs\MiKTeX\tex/generic/bigintcalc\bigintcalc.st
y
Package: bigintcalc 2019/12/15 v1.5 Expandable calculations on big integers (HO
)
))
\Fld@menulength=\count322
\Field@Width=\dimen189
\Fld@charsize=\dimen190
Package hyperref Info: Hyper figures OFF on input line 6065.
Package hyperref Info: Link nesting OFF on input line 6070.
Package hyperref Info: Hyper index ON on input line 6073.
Package hyperref Info: backreferencing OFF on input line 6080.
Package hyperref Info: Link coloring OFF on input line 6085.
Package hyperref Info: Link coloring with OCG OFF on input line 6090.
Package hyperref Info: PDF/A mode OFF on input line 6095.
 (C:\Users\PC\AppData\Local\Programs\MiKTeX\tex/latex/base\atbegshi-ltx.sty
Package: atbegshi-ltx 2021/01/10 v1.0c Emulation of the original atbegshi
package with kernel methods
)
\Hy@abspage=\count323
\c@Item=\count324
\c@Hfootnote=\count325
)
Package hyperref Info: Driver (autodetected): hpdftex.
 (C:\Users\PC\AppData\Local\Programs\MiKTeX\tex/latex/hyperref\hpdftex.def
File: hpdftex.def 2023-11-26 v7.01g Hyperref driver for pdfTeX

(C:\Users\PC\AppData\Local\Programs\MiKTeX\tex/latex/base\atveryend-ltx.sty
Package: atveryend-ltx 2020/08/19 v1.0a Emulation of the original atveryend pac
kage
with kernel methods
)
\Fld@listcount=\count326
\c@bookmark@seq@number=\count327

(C:\Users\PC\AppData\Local\Programs\MiKTeX\tex/latex/rerunfilecheck\rerunfilech
eck.sty
Package: rerunfilecheck 2025-06-21 v1.11 Rerun checks for auxiliary files (HO)

(C:\Users\PC\AppData\Local\Programs\MiKTeX\tex/generic/uniquecounter\uniquecoun
ter.sty
Package: uniquecounter 2019/12/15 v1.4 Provide unlimited unique counter (HO)
)
Package uniquecounter Info: New unique counter `rerunfilecheck' on input line 2
84.
)
\Hy@SectionHShift=\skip58
)
(C:\Users\PC\AppData\Local\Programs\MiKTeX\tex/latex/listings\listings.sty
\lst@mode=\count328
\lst@gtempboxa=\box103
\lst@token=\toks30
\lst@length=\count329
\lst@currlwidth=\dimen191
\lst@column=\count330
\lst@pos=\count331
\lst@lostspace=\dimen192
\lst@width=\dimen193
\lst@newlines=\count332
\lst@lineno=\count333
\lst@maxwidth=\dimen194

(C:\Users\PC\AppData\Local\Programs\MiKTeX\tex/latex/listings\lstmisc.sty
File: lstmisc.sty 2023/02/27 1.9 (Carsten Heinz)
\c@lstnumber=\count334
\lst@skipnumbers=\count335
\lst@framebox=\box104
)
(C:\Users\PC\AppData\Local\Programs\MiKTeX\tex/latex/listings\listings.cfg
File: listings.cfg 2023/02/27 1.9 listings configuration
))
Package: listings 2023/02/27 1.9 (Carsten Heinz)

(C:\Users\PC\AppData\Local\Programs\MiKTeX\tex/latex/l3backend\l3backend-pdftex
.def
File: l3backend-pdftex.def 2024-01-04 L3 backend support: PDF output (pdfTeX)
\l__color_backend_stack_int=\count336
\l__pdf_internal_box=\box105
) (project.aux

LaTeX Warning: Label `fig:qual' multiply defined.

)
\openout1 = `project.aux'.

LaTeX Font Info:    Checking defaults for OML/cmm/m/it on input line 21.
LaTeX Font Info:    ... okay on input line 21.
LaTeX Font Info:    Checking defaults for OMS/cmsy/m/n on input line 21.
LaTeX Font Info:    ... okay on input line 21.
LaTeX Font Info:    Checking defaults for OT1/cmr/m/n on input line 21.
LaTeX Font Info:    ... okay on input line 21.
LaTeX Font Info:    Checking defaults for T1/cmr/m/n on input line 21.
LaTeX Font Info:    ... okay on input line 21.
LaTeX Font Info:    Checking defaults for TS1/cmr/m/n on input line 21.
LaTeX Font Info:    ... okay on input line 21.
LaTeX Font Info:    Checking defaults for OMX/cmex/m/n on input line 21.
LaTeX Font Info:    ... okay on input line 21.
LaTeX Font Info:    Checking defaults for U/cmr/m/n on input line 21.
LaTeX Font Info:    ... okay on input line 21.
LaTeX Font Info:    Checking defaults for PD1/pdf/m/n on input line 21.
LaTeX Font Info:    ... okay on input line 21.
LaTeX Font Info:    Checking defaults for PU/pdf/m/n on input line 21.
LaTeX Font Info:    ... okay on input line 21.

(C:\Users\PC\AppData\Local\Programs\MiKTeX\tex/context/base/mkii\supp-pdf.mkii
[Loading MPS to PDF converter (version 2006.09.02).]
\scratchcounter=\count337
\scratchdimen=\dimen195
\scratchbox=\box106
\nofMPsegments=\count338
\nofMParguments=\count339
\everyMPshowfont=\toks31
\MPscratchCnt=\count340
\MPscratchDim=\dimen196
\MPnumerator=\count341
\makeMPintoPDFobject=\count342
\everyMPtoPDFconversion=\toks32
)
(C:\Users\PC\AppData\Local\Programs\MiKTeX\tex/latex/epstopdf-pkg\epstopdf-base
.sty
Package: epstopdf-base 2020-01-24 v2.11 Base part for package epstopdf
Package epstopdf-base Info: Redefining graphics rule for `.eps' on input line 4
85.

(C:\Users\PC\AppData\Local\Programs\MiKTeX\tex/latex/00miktex\epstopdf-sys.cfg
File: epstopdf-sys.cfg 2021/03/18 v2.0 Configuration of epstopdf for MiKTeX
))
Package hyperref Info: Link coloring OFF on input line 21.
 (project.out) (project.out)
\@outlinefile=\write3
\openout3 = `project.out'.

\c@lstlisting=\count343
LaTeX Font Info:    Trying to load font information for U+msa on input line 24.


(C:\Users\PC\AppData\Local\Programs\MiKTeX\tex/latex/amsfonts\umsa.fd
File: umsa.fd 2013/01/14 v3.01 AMS symbols A
)
LaTeX Font Info:    Trying to load font information for U+msb on input line 24.


(C:\Users\PC\AppData\Local\Programs\MiKTeX\tex/latex/amsfonts\umsb.fd
File: umsb.fd 2013/01/14 v3.01 AMS symbols B
)
Title too long for running head. Please supply
a shorter form with \titlerunning prior to \maketitle
[1

{C:/Users/PC/AppData/Local/MiKTeX/fonts/map/pdftex/pdftex.map}]
Overfull \hbox (4.4882pt too wide) in paragraph at lines 43--44
\OT1/cmr/m/n/10 strug-gle with sharp depth dis-con-ti-nu-ities at ob-ject bound
-aries, re-sult-ing in blurred
 []

[2] [3]
<model_architecture.png, id=34, 230.19333pt x 89.33376pt>
File: model_architecture.png Graphic file (type png)
<use model_architecture.png>
Package pdftex.def Info: model_architecture.png  used on input line 95.
(pdftex.def)             Requested size: 295.05711pt x 114.50764pt.

Underfull \vbox (badness 1430) has occurred while \output is active []

 [4]
Overfull \hbox (2.07147pt too wide) in paragraph at lines 104--105
[]\OT1/cmr/m/n/10 To ad-dress this con-straint, a Cur-ricu-lum Learn-ing ap-pro
ach was im-ple-mented.
 []

[5 <./model_architecture.png>]
Overfull \hbox (0.77086pt too wide) in paragraph at lines 156--157
 []\OT1/cmr/bx/n/10 Solution Im-ple-men-ta-tion[] \OT1/cmr/m/n/10 A dy-namic pr
e-pro-cess-ing pipeline was im-ple-mented
 []

[6]
Package hyperref Info: bookmark level for unknown algorithm defaults to 0 on in
put line 183.
 [7] [8]
Overfull \hbox (1.016pt too wide) in paragraph at lines 230--231
\OT1/cmr/m/n/10 per-for-mance dif-fer-ences. The ResNet-18 model plateaued at a
p-prox-i-mately 0.44m
 []

<loss_curve.png, id=95, 722.7pt x 361.35pt>
File: loss_curve.png Graphic file (type png)
<use loss_curve.png>
Package pdftex.def Info: loss_curve.png  used on input line 234.
(pdftex.def)             Requested size: 277.69987pt x 138.84724pt.

LaTeX Warning: Reference `tab:results' on page 9 undefined on input line 241.

[9 <./loss_curve.png>]
<inferenceR34.png, id=105, 719.68875pt x 243.91125pt>
File: inferenceR34.png Graphic file (type png)
<use inferenceR34.png>
Package pdftex.def Info: inferenceR34.png  used on input line 271.
(pdftex.def)             Requested size: 347.12354pt x 117.64922pt.


LaTeX Warning: Reference `fig:edge' on page 10 undefined on input line 276.

<edge.png, id=106, 1307.63531pt x 740.7675pt>
File: edge.png Graphic file (type png)
<use edge.png>
Package pdftex.def Info: edge.png  used on input line 280.
(pdftex.def)             Requested size: 347.12354pt x 196.64154pt.

Underfull \vbox (badness 10000) has occurred while \output is active []

 [10 <./inferenceR34.png>]
Underfull \vbox (badness 3792) has occurred while \output is active []

 [11 <./edge.png>]
Overfull \hbox (5.37704pt too wide) in paragraph at lines 305--306
[]\OT1/cmr/m/n/10 The data pre-pro-cess-ing chal-lenges en-coun-tered high-ligh
t an under-documented
 []

[12] [13] [14] (project.aux)
 ***********
LaTeX2e <2023-11-01> patch level 1
L3 programming layer <2024-01-04>
 ***********


LaTeX Warning: There were undefined references.


LaTeX Warning: There were multiply-defined labels.

Package rerunfilecheck Info: File `project.out' has not changed.
(rerunfilecheck)             Checksum: 5E0D6C8F85A445345329A5575911E2C5;432.
 ) 
Here is how much of TeX's memory you used:
 12243 strings out of 474486
 185925 string characters out of 5745171
 1939542 words of memory out of 5000000
 34316 multiletter control sequences out of 15000+600000
 565033 words of font info for 63 fonts, out of 8000000 for 9000
 1141 hyphenation exceptions out of 8191
 75i,9n,79p,908b,589s stack positions out of 10000i,1000n,20000p,200000b,200000s
 <C:\Users\PC\AppData\Local\MiKTeX\fonts/pk/ljfour/jknappen/ec/dpi600\tcrm090
0.pk><C:/Users/PC/AppData/Local/Programs/MiKTeX/fonts/type1/public/amsfonts/cm/
cmbx10.pfb><C:/Users/PC/AppData/Local/Programs/MiKTeX/fonts/type1/public/amsfon
ts/cm/cmbx12.pfb><C:/Users/PC/AppData/Local/Programs/MiKTeX/fonts/type1/public/
amsfonts/cm/cmbx9.pfb><C:/Users/PC/AppData/Local/Programs/MiKTeX/fonts/type1/pu
blic/amsfonts/cm/cmex10.pfb><C:/Users/PC/AppData/Local/Programs/MiKTeX/fonts/ty
pe1/public/amsfonts/cmextra/cmex9.pfb><C:/Users/PC/AppData/Local/Programs/MiKTe
X/fonts/type1/public/amsfonts/cm/cmmi10.pfb><C:/Users/PC/AppData/Local/Programs
/MiKTeX/fonts/type1/public/amsfonts/cm/cmmi6.pfb><C:/Users/PC/AppData/Local/Pro
grams/MiKTeX/fonts/type1/public/amsfonts/cm/cmmi7.pfb><C:/Users/PC/AppData/Loca
l/Programs/MiKTeX/fonts/type1/public/amsfonts/cm/cmmi9.pfb><C:/Users/PC/AppData
/Local/Programs/MiKTeX/fonts/type1/public/amsfonts/cm/cmr10.pfb><C:/Users/PC/Ap
pData/Local/Programs/MiKTeX/fonts/type1/public/amsfonts/cm/cmr6.pfb><C:/Users/P
C/AppData/Local/Programs/MiKTeX/fonts/type1/public/amsfonts/cm/cmr7.pfb><C:/Use
rs/PC/AppData/Local/Programs/MiKTeX/fonts/type1/public/amsfonts/cm/cmr9.pfb><C:
/Users/PC/AppData/Local/Programs/MiKTeX/fonts/type1/public/amsfonts/cm/cmsy10.p
fb><C:/Users/PC/AppData/Local/Programs/MiKTeX/fonts/type1/public/amsfonts/cm/cm
sy6.pfb><C:/Users/PC/AppData/Local/Programs/MiKTeX/fonts/type1/public/amsfonts/
cm/cmsy7.pfb><C:/Users/PC/AppData/Local/Programs/MiKTeX/fonts/type1/public/amsf
onts/cm/cmsy9.pfb>
Output written on project.pdf (14 pages, 1739998 bytes).
PDF statistics:
 234 PDF objects out of 1000 (max. 8388607)
 64 named destinations out of 1000 (max. 500000)
 29 words of extra memory for PDF output out of 10000 (max. 10000000)

